Vivado Simulator 2018.2
Time resolution is 1 ps
Time                  120
Register           0: 00000000
Register           1: 00000000
Register           2: 00000000
Register           3: 00000000
Register           4: 00000000
Register           5: 00000000
Register           6: 00000000
Register           7: 00000000
Register           8: 00000000
Register           9: 00000000
Register          10: 00000000
Register          11: 00000001
Register          12: 00000002
Register          13: 00000005
Register          14: 00000006
Register          15: 00000000
Register          16: 00000000
Register          17: 00000000
Register          18: 00000000
Register          19: 00000000
Register          20: 00000000
Register          21: 00000000
Register          22: 00000000
Register          23: 00000000
Register          24: 00000000
Register          25: 00000000
Register          26: 00000000
Register          27: 00000000
Register          28: 00000000
Register          29: 00000000
Register          30: 00000000
Register          31: 00000000
Time                  140
Register           0: 00000000
Register           1: 00000000
Register           2: 00000000
Register           3: 00000000
Register           4: 00000000
Register           5: 00000000
Register           6: 00000000
Register           7: 00000000
Register           8: 00000000
Register           9: 00000000
Register          10: 00000000
Register          11: 00000001
Register          12: 00000002
Register          13: 00000005
Register          14: 00000006
Register          15: ffffffff
Register          16: 00000000
Register          17: 00000000
Register          18: 00000000
Register          19: 00000000
Register          20: 00000000
Register          21: 00000000
Register          22: 00000000
Register          23: 00000000
Register          24: 00000000
Register          25: 00000000
Register          26: 00000000
Register          27: 00000000
Register          28: 00000000
Register          29: 00000000
Register          30: 00000000
Register          31: 00000000
Time                  160
Register           0: 00000000
Register           1: 00000000
Register           2: 00000000
Register           3: 00000000
Register           4: 00000000
Register           5: 00000000
Register           6: 00000000
Register           7: 00000000
Register           8: 00000000
Register           9: 00000000
Register          10: 00000000
Register          11: 00000001
Register          12: 00000002
Register          13: 00000005
Register          14: 00000006
Register          15: ffffffff
Register          16: 00000003
Register          17: 00000000
Register          18: 00000000
Register          19: 00000000
Register          20: 00000000
Register          21: 00000000
Register          22: 00000000
Register          23: 00000000
Register          24: 00000000
Register          25: 00000000
Register          26: 00000000
Register          27: 00000000
Register          28: 00000000
Register          29: 00000000
Register          30: 00000000
Register          31: 00000000
Time                  180
Register           0: 00000000
Register           1: 00000000
Register           2: 00000000
Register           3: 00000000
Register           4: 00000000
Register           5: 00000000
Register           6: 00000000
Register           7: 00000000
Register           8: 00000000
Register           9: 00000000
Register          10: 00000000
Register          11: 00000001
Register          12: 00000002
Register          13: 00000005
Register          14: 00000006
Register          15: ffffffff
Register          16: 00000003
Register          17: fffffffc
Register          18: 00000000
Register          19: 00000000
Register          20: 00000000
Register          21: 00000000
Register          22: 00000000
Register          23: 00000000
Register          24: 00000000
Register          25: 00000000
Register          26: 00000000
Register          27: 00000000
Register          28: 00000000
Register          29: 00000000
Register          30: 00000000
Register          31: 00000000
Time                  200
Register           0: 00000000
Register           1: 00000000
Register           2: 00000000
Register           3: 00000000
Register           4: 00000000
Register           5: 00000000
Register           6: 00000000
Register           7: 00000000
Register           8: 00000000
Register           9: 00000000
Register          10: 00000000
Register          11: 00000001
Register          12: 00000002
Register          13: 00000005
Register          14: 00000006
Register          15: ffffffff
Register          16: 00000003
Register          17: fffffffc
Register          18: 00000000
Register          19: 00000000
Register          20: 00000000
Register          21: 00000000
Register          22: 00000000
Register          23: 00000000
Register          24: 00000000
Register          25: 00000000
Register          26: 00000000
Register          27: 00000000
Register          28: 00000000
Register          29: 00000000
Register          30: 00000000
Register          31: 00000000
Time                  220
Register           0: 00000000
Register           1: 00000000
Register           2: 00000000
Register           3: 00000000
Register           4: 00000000
Register           5: 00000000
Register           6: 00000000
Register           7: 00000000
Register           8: 00000000
Register           9: 00000000
Register          10: 00000000
Register          11: 00000001
Register          12: 00000002
Register          13: 00000005
Register          14: fffffffe
Register          15: ffffffff
Register          16: 00000003
Register          17: fffffffc
Register          18: 00000000
Register          19: 00000000
Register          20: 00000000
Register          21: 00000000
Register          22: 00000000
Register          23: 00000000
Register          24: 00000000
Register          25: 00000000
Register          26: 00000000
Register          27: 00000000
Register          28: 00000000
Register          29: 00000000
Register          30: 00000000
Register          31: 00000000
Time                  240
Register           0: 00000000
Register           1: 00000000
Register           2: 00000000
Register           3: 00000000
Register           4: 00000000
Register           5: 00000000
Register           6: 00000000
Register           7: 00000000
Register           8: 00000000
Register           9: 00000000
Register          10: 00000000
Register          11: 00000001
Register          12: 00000002
Register          13: 00000001
Register          14: fffffffe
Register          15: ffffffff
Register          16: 00000003
Register          17: fffffffc
Register          18: 00000000
Register          19: 00000000
Register          20: 00000000
Register          21: 00000000
Register          22: 00000000
Register          23: 00000000
Register          24: 00000000
Register          25: 00000000
Register          26: 00000000
Register          27: 00000000
Register          28: 00000000
Register          29: 00000000
Register          30: 00000000
Register          31: 00000000
